<testsuite name="NHS.For NHS" tests="1" errors="1" failures="0" skipped="0" time="62.428959" timestamp="2021-03-21T18:39:11.649531" hostname="DESKTOP-OBMBKMD"><testcase classname="NHS.For NHS" name="NHS servey -- @1.1 " status="failed" time="62.428959"><error type="NoSuchElementException" message="Message: no such element: Unable to locate element: {&quot;method&quot;:&quot;xpath&quot;,&quot;selector&quot;:&quot;//input[@value=&quot;Yes&quot;]/parent::label&quot;}&#10;  (Session info: chrome=89.0.4389.90)&#10;">
<![CDATA[
Failing step: And I select "Yes" for saving investment. ... failed in 15.095s
Location: features/NHS.feature:30
Traceback (most recent call last):
  File "c:\users\lucky\appdata\local\programs\python\python39\lib\site-packages\behave\model.py", line 1329, in run
    match.run(runner.context)
  File "c:\users\lucky\appdata\local\programs\python\python39\lib\site-packages\behave\matchers.py", line 98, in run
    self.func(context, *args, **kwargs)
  File "features\steps\nsh_steps.py", line 99, in step_impl
    context.browser.find_element_by_xpath(f'//input[@value="{savings}"]/parent::label').click()
  File "c:\users\lucky\appdata\local\programs\python\python39\lib\site-packages\selenium\webdriver\remote\webdriver.py", line 394, in find_element_by_xpath
    return self.find_element(by=By.XPATH, value=xpath)
  File "c:\users\lucky\appdata\local\programs\python\python39\lib\site-packages\selenium\webdriver\remote\webdriver.py", line 976, in find_element
    return self.execute(Command.FIND_ELEMENT, {
  File "c:\users\lucky\appdata\local\programs\python\python39\lib\site-packages\selenium\webdriver\remote\webdriver.py", line 321, in execute
    self.error_handler.check_response(response)
  File "c:\users\lucky\appdata\local\programs\python\python39\lib\site-packages\selenium\webdriver\remote\errorhandler.py", line 242, in check_response
    raise exception_class(message, screen, stacktrace)
selenium.common.exceptions.NoSuchElementException: Message: no such element: Unable to locate element: {"method":"xpath","selector":"//input[@value="Yes"]/parent::label"}
  (Session info: chrome=89.0.4389.90)

]]>
</error><system-out>
<![CDATA[
@scenario.begin
  Scenario Outline: NHS servey -- @1.1 
    Given I am on NHS Help page. ... passed in 1.636s
    And I click start ... passed in 3.218s
    And I select "ENGLAND" as my living Country ... passed in 3.044s
    And I click Next ... passed in 3.493s
    And I Select "Yes" for GP practice ... passed in 0.033s
    And I click Next ... passed in 3.207s
    And I input my birth date ... passed in 0.137s
    And I click Next ... passed in 3.185s
    And I select "Yes" for live with partner ... passed in 0.033s
    And I click Next ... passed in 3.432s
    And I select "No" for my partner credit ... passed in 0.038s
    And I click Next ... passed in 3.159s
    And I select "No" for pragnant status ... passed in 0.030s
    And I click Next ... passed in 3.167s
    And I select "No" for my injury status ... passed in 0.034s
    And I click Next ... passed in 3.202s
    And I select "No" for my diabetes status ... passed in 0.038s
    And I click Next ... passed in 3.216s
    And I select "Yes" for my affected status ... passed in 0.042s
    And I click Next ... passed in 3.187s
    And I select "No" for my glaucoma stutus ... passed in 0.039s
    And I click Next ... passed in 3.183s
    And I select "Yes" for my partner live. ... passed in 0.039s
    And I click Next ... passed in 3.198s
    And I select "Yes" for home care from local council ... passed in 0.041s
    And I click Next ... passed in 3.301s
    And I select "Yes" for saving investment. ... failed in 15.095s
    And I click Next ... skipped in 0.000s
    And I save the screenshot for the result option page. ... skipped in 0.000s

@scenario.end
--------------------------------------------------------------------------------
]]>
</system-out></testcase></testsuite>